<?xml version="1.0" encoding="UTF-8"?>
<!-- Generated by org.testng.reporters.JUnitReportReporter -->
<testsuite hostname="BINTERNS-QA31L" failures="0" tests="6" name="Netmeds_Test.Filters" time="2.825" errors="0" timestamp="2023-05-19T13:06:35 IST" skipped="0">
  <testcase classname="Netmeds_Test.Filters" name="searchProduct" time="1.251"/>
  <system-out/>
  <testcase classname="Netmeds_Test.Filters" name="selectBrand" time="0.117"/>
  <system-out/>
  <testcase classname="Netmeds_Test.Filters" name="selectManufacturers" time="0.119"/>
  <system-out/>
  <testcase classname="Netmeds_Test.Filters" name="selectCategories" time="0.142"/>
  <system-out/>
  <testcase classname="Netmeds_Test.Filters" name="adjustDiscount" time="0.605"/>
  <system-out/>
  <testcase classname="Netmeds_Test.Filters" name="adjustPrice" time="0.591"/>
  <system-out/>
</testsuite> <!-- Netmeds_Test.Filters -->
