<?xml version="1.0" encoding="UTF-8"?>
<!-- Generated by org.testng.reporters.JUnitReportReporter -->
<testsuite hostname="BINTERNS-QA31L" failures="0" tests="10" name="Netmeds_Test.Netmeds_Test_3" time="21.910" errors="0" timestamp="2023-05-16T16:11:56 IST" skipped="0">
  <testcase classname="Netmeds_Test.Netmeds_Test_3" name="Order_Medicine" time="1.270"/>
  <system-out/>
  <testcase classname="Netmeds_Test.Netmeds_Test_3" name="Upload_Now" time="0.050"/>
  <system-out/>
  <testcase classname="Netmeds_Test.Netmeds_Test_3" name="Consult_Doctor" time="0.036"/>
  <system-out/>
  <testcase classname="Netmeds_Test.Netmeds_Test_3" name="Doc_consultation" time="0.111"/>
  <system-out/>
  <testcase classname="Netmeds_Test.Netmeds_Test_3" name="Start_Ordering" time="1.964"/>
  <system-out/>
  <testcase classname="Netmeds_Test.Netmeds_Test_3" name="Shop_by_Category" time="0.031"/>
  <system-out/>
  <testcase classname="Netmeds_Test.Netmeds_Test_3" name="Petcare" time="5.037"/>
  <system-out/>
  <testcase classname="Netmeds_Test.Netmeds_Test_3" name="Vitamins_Supplements" time="4.535"/>
  <system-out/>
  <testcase classname="Netmeds_Test.Netmeds_Test_3" name="Orthopaedics" time="4.852"/>
  <system-out/>
  <testcase classname="Netmeds_Test.Netmeds_Test_3" name="Measurements" time="4.024"/>
  <system-out/>
</testsuite> <!-- Netmeds_Test.Netmeds_Test_3 -->
