<?xml version="1.0" encoding="UTF-8"?>
<!-- Generated by org.testng.reporters.JUnitReportReporter -->
<testsuite hostname="BINTERNS-QA31L" failures="0" tests="16" name="Netmeds_Test.Order_Medicine" time="44.846" errors="0" timestamp="2023-05-18T10:59:34 IST" skipped="0">
  <testcase classname="Netmeds_Test.Order_Medicine" name="Order_Medicine" time="0.857"/>
  <system-out/>
  <testcase classname="Netmeds_Test.Order_Medicine" name="Upload_Now" time="0.052"/>
  <system-out/>
  <testcase classname="Netmeds_Test.Order_Medicine" name="Consult_Doctor" time="0.044"/>
  <system-out/>
  <testcase classname="Netmeds_Test.Order_Medicine" name="Doc_consultation" time="0.129"/>
  <system-out/>
  <testcase classname="Netmeds_Test.Order_Medicine" name="Start_Ordering" time="1.899"/>
  <system-out/>
  <testcase classname="Netmeds_Test.Order_Medicine" name="Shop_by_Category" time="0.068"/>
  <system-out/>
  <testcase classname="Netmeds_Test.Order_Medicine" name="Petcare" time="4.576"/>
  <system-out/>
  <testcase classname="Netmeds_Test.Order_Medicine" name="Vitamins_Supplements" time="4.064"/>
  <system-out/>
  <testcase classname="Netmeds_Test.Order_Medicine" name="Orthopaedics" time="5.086"/>
  <system-out/>
  <testcase classname="Netmeds_Test.Order_Medicine" name="Measurements" time="4.635"/>
  <system-out/>
  <testcase classname="Netmeds_Test.Order_Medicine" name="Dilutions" time="4.143"/>
  <system-out/>
  <testcase classname="Netmeds_Test.Order_Medicine" name="Health_Concerns" time="2.076"/>
  <system-out/>
  <testcase classname="Netmeds_Test.Order_Medicine" name="Lung_Care" time="4.579"/>
  <system-out/>
  <testcase classname="Netmeds_Test.Order_Medicine" name="Weight_Care" time="4.067"/>
  <system-out/>
  <testcase classname="Netmeds_Test.Order_Medicine" name="Bone_JointPain" time="4.422"/>
  <system-out/>
  <testcase classname="Netmeds_Test.Order_Medicine" name="Cold_fever" time="4.149"/>
  <system-out/>
</testsuite> <!-- Netmeds_Test.Order_Medicine -->
