<?xml version="1.0" encoding="UTF-8"?>
<!-- Generated by org.testng.reporters.JUnitReportReporter -->
<testsuite hostname="BINTERNS-QA31L" failures="0" tests="10" name="Netmeds_Test.Beauty" time="110.755" errors="0" timestamp="2023-05-18T16:01:30 IST" skipped="0">
  <testcase classname="Netmeds_Test.Beauty" name="Beauty_link" time="2.120"/>
  <system-out/>
  <testcase classname="Netmeds_Test.Beauty" name="Beauty_Ad" time="0.067"/>
  <system-out/>
  <testcase classname="Netmeds_Test.Beauty" name="In_the_Spotlight" time="4.308"/>
  <system-out/>
  <testcase classname="Netmeds_Test.Beauty" name="Featured_Brands" time="11.058"/>
  <system-out/>
  <testcase classname="Netmeds_Test.Beauty" name="Top_Offers_onBrands" time="7.727"/>
  <system-out/>
  <testcase classname="Netmeds_Test.Beauty" name="Shop_By_Category" time="18.758"/>
  <system-out/>
  <testcase classname="Netmeds_Test.Beauty" name="Skin_Care_Essentials" time="20.137"/>
  <system-out/>
  <testcase classname="Netmeds_Test.Beauty" name="Hair_Care_Essentials" time="18.261"/>
  <system-out/>
  <testcase classname="Netmeds_Test.Beauty" name="Mens_Grooming" time="15.478"/>
  <system-out/>
  <testcase classname="Netmeds_Test.Beauty" name="The_Latest_In_Beauty" time="12.841"/>
  <system-out/>
</testsuite> <!-- Netmeds_Test.Beauty -->
